0 info it worked if it ends with ok
1 verbose cli [ 'D:\\NodeJSPortable\\App\\NodeJS\\node.exe',
1 verbose cli   'D:\\NodeJSPortable\\App\\NodeJS\\node_modules\\npm\\bin\\npm-cli.js',
1 verbose cli   'run',
1 verbose cli   'dev' ]
2 info using npm@4.1.2
3 info using node@v6.11.0
4 verbose run-script [ 'predev', 'dev', 'postdev' ]
5 info lifecycle harpvue@1.0.0~predev: harpvue@1.0.0
6 silly lifecycle harpvue@1.0.0~predev: no script for predev, continuing
7 info lifecycle harpvue@1.0.0~dev: harpvue@1.0.0
8 verbose lifecycle harpvue@1.0.0~dev: unsafe-perm in lifecycle true
9 verbose lifecycle harpvue@1.0.0~dev: PATH: D:\NodeJSPortable\App\NodeJS\node_modules\npm\bin\node-gyp-bin;D:\code\harpvue\node_modules\.bin;D:\NodeJSPortable\App\NodeJS;D:\NodeJSPortable\Data;C:\Program Files (x86)\Intel\iCLS Client\;C:\Program Files\Intel\iCLS Client\;C:\Windows\system32;C:\Windows;C:\Windows\System32\Wbem;C:\Windows\System32\WindowsPowerShell\v1.0\;C:\Program Files\Intel\Intel(R) Management Engine Components\DAL;C:\Program Files\Intel\Intel(R) Management Engine Components\IPT;C:\Program Files (x86)\Intel\Intel(R) Management Engine Components\DAL;C:\Program Files (x86)\Intel\Intel(R) Management Engine Components\IPT;C:\Program Files (x86)\Intel\OpenCL SDK\2.0\bin\x86;C:\Program Files (x86)\Intel\OpenCL SDK\2.0\bin\x64;C:\Program Files\SafeNet\Authentication\SAC\x64;C:\Program Files\SafeNet\Authentication\SAC\x32;D:\Users\82038198\.cargo\bin;D:\Users\82038198\AppData\Local\Pandoc\;D:\rust\bin;D:\Git_LFS
10 verbose lifecycle harpvue@1.0.0~dev: CWD: D:\code\harpvue
11 silly lifecycle harpvue@1.0.0~dev: Args: [ '/d /s /c', 'webpack --watch --config ./_config/webpack.dev' ]
12 silly lifecycle harpvue@1.0.0~dev: Returned: code: 1  signal: null
13 info lifecycle harpvue@1.0.0~dev: Failed to exec dev script
14 verbose stack Error: harpvue@1.0.0 dev: `webpack --watch --config ./_config/webpack.dev`
14 verbose stack Exit status 1
14 verbose stack     at EventEmitter.<anonymous> (D:\NodeJSPortable\App\NodeJS\node_modules\npm\lib\utils\lifecycle.js:279:16)
14 verbose stack     at emitTwo (events.js:106:13)
14 verbose stack     at EventEmitter.emit (events.js:191:7)
14 verbose stack     at ChildProcess.<anonymous> (D:\NodeJSPortable\App\NodeJS\node_modules\npm\lib\utils\spawn.js:40:14)
14 verbose stack     at emitTwo (events.js:106:13)
14 verbose stack     at ChildProcess.emit (events.js:191:7)
14 verbose stack     at maybeClose (internal/child_process.js:891:16)
14 verbose stack     at Process.ChildProcess._handle.onexit (internal/child_process.js:226:5)
15 verbose pkgid harpvue@1.0.0
16 verbose cwd D:\code\harpvue
17 error Windows_NT 6.1.7601
18 error argv "D:\\NodeJSPortable\\App\\NodeJS\\node.exe" "D:\\NodeJSPortable\\App\\NodeJS\\node_modules\\npm\\bin\\npm-cli.js" "run" "dev"
19 error node v6.11.0
20 error npm  v4.1.2
21 error code ELIFECYCLE
22 error harpvue@1.0.0 dev: `webpack --watch --config ./_config/webpack.dev`
22 error Exit status 1
23 error Failed at the harpvue@1.0.0 dev script 'webpack --watch --config ./_config/webpack.dev'.
23 error Make sure you have the latest version of node.js and npm installed.
23 error If you do, this is most likely a problem with the harpvue package,
23 error not with npm itself.
23 error Tell the author that this fails on your system:
23 error     webpack --watch --config ./_config/webpack.dev
23 error You can get information on how to open an issue for this project with:
23 error     npm bugs harpvue
23 error Or if that isn't available, you can get their info via:
23 error     npm owner ls harpvue
23 error There is likely additional logging output above.
24 verbose exit [ 1, true ]
